<?xml version="1.0" encoding="UTF-8"?>
<testsuite xmlns:xsi="http://www.w3.org/2001/XMLSchema-instance" xsi:noNamespaceSchemaLocation="https://maven.apache.org/surefire/maven-surefire-plugin/xsd/surefire-test-report-3.0.xsd" version="3.0" name="SeriesManagerAppTest" time="0.137" tests="7" errors="1" skipped="0" failures="0">
  <properties>
[...]
</properties>
  <testcase name="TestSearchSeriesNotFound" classname="SeriesManagerAppTest" time="0.05">
    <system-out><![CDATA[Enter the series id to search: Series with Series Id: 999 was not found!
]]></system-out>
  </testcase>
  <testcase name="TestSeriesAgeRestriction_AgeValid" classname="SeriesManagerAppTest" time="0.003"/>
  <testcase name="TestUpdateSeries" classname="SeriesManagerAppTest" time="0.01">
    <error message="No line found" type="java.util.NoSuchElementException"><![CDATA[java.util.NoSuchElementException: No line found
	at java.base/java.util.Scanner.nextLine(Scanner.java:1660)
	at SeriesManagerApp.getValidAgeRestriction(SeriesManagerApp.java:107)
	at SeriesManagerApp.updateSeries(SeriesManagerApp.java:153)
	at SeriesManagerAppTest.TestUpdateSeries(SeriesManagerAppTest.java:74)
	at java.base/java.lang.reflect.Method.invoke(Method.java:580)
	at java.base/java.util.ArrayList.forEach(ArrayList.java:1596)
	at java.base/java.util.ArrayList.forEach(ArrayList.java:1596)
]]></error>
    <system-out><![CDATA[Enter the series id to update: Enter the series name: Enter the new age restriction: Enter the series age restriction: You have entered an incorrect series age!
Please re-enter the series age >>
Enter the series age restriction: ]]></system-out>
  </testcase>
  <testcase name="TestDeleteSeries" classname="SeriesManagerAppTest" time="0.007">
    <system-out><![CDATA[Enter the series id to delete: Are you sure you want to delete series 102 from the system? Yes (y) to delete. Series with Series Id: 102 WAS deleted!
]]></system-out>
  </testcase>
  <testcase name="TestSeriesAgeRestriction_AgeInvalid" classname="SeriesManagerAppTest" time="0.002"/>
  <testcase name="TestDeleteSeries_SeriesNotFound" classname="SeriesManagerAppTest" time="0.003">
    <system-out><![CDATA[Enter the series id to delete: Series with Series Id: 999 was not found!
]]></system-out>
  </testcase>
  <testcase name="TestSearchSeries" classname="SeriesManagerAppTest" time="0.004">
    <system-out><![CDATA[Enter the series id to search: ----------------------------------------
SERIES ID: 102
SERIES NAME: Test Series 2
SERIES AGE RESTRICTION: 10
SERIES NUMBER OF EPISODES: 20
]]></system-out>
  </testcase>
</testsuite>